---------------------------------------------------------------
[ 2019-04-01T23:24:07+08:00 ] 127.0.0.1 GET myadmin.tp/admin/index
[运行时间：1.649885s] [吞吐率：0.61req/s] [内存消耗：1,122.79kb] [文件加载：34]
[ info ] [ LANG ] E:\phpStudy\PHPTutorial\WWW\myAdmin\thinkphp\lang\zh-cn.php
[ info ] [ ROUTE ] array (
  'type' => 'module',
  'module' => 
  array (
    0 => 'admin',
    1 => 'Index',
    2 => 'getindex',
  ),
  'convert' => false,
)
[ info ] [ HEADER ] array (
  'cookie' => 'pgv_pvi=4449309696; pgv_si=s6348838912; PHPSESSID=jfra9eajs0k7drvht7mlie80gt',
  'accept-language' => 'zh-CN,zh;q=0.9,und;q=0.8,en;q=0.7',
  'accept-encoding' => 'gzip, deflate',
  'referer' => 'http://myadmin.tp/merchant/index',
  'accept' => 'text/html,application/xhtml+xml,application/xml;q=0.9,image/webp,image/apng,*/*;q=0.8,application/signed-exchange;v=b3',
  'user-agent' => 'Mozilla/5.0 (Windows NT 10.0; WOW64) AppleWebKit/537.36 (KHTML, like Gecko) Chrome/73.0.3683.86 Safari/537.36',
  'upgrade-insecure-requests' => '1',
  'connection' => 'close',
  'host' => 'myadmin.tp',
)
[ info ] [ PARAM ] array (
  'action' => 'index',
)
[ info ] [ SESSION ] INIT array (
  'id' => '',
  'var_session_id' => '',
  'prefix' => 'think',
  'type' => '',
  'auto_start' => true,
)
[ info ] [ RUN ] app\admin\controller\Index->getIndex[ E:\phpStudy\PHPTutorial\WWW\myAdmin\application\admin\controller\Index.php ]
[ info ] [ VIEW ] E:\phpStudy\PHPTutorial\WWW\myAdmin\public/../application/admin\view\index\index.html [ array (
) ]
[ info ] [ LOG ] INIT File
---------------------------------------------------------------
[ 2019-04-01T23:24:07+08:00 ] 127.0.0.1 GET myadmin.tp/table/index
[运行时间：1.746796s] [吞吐率：0.57req/s] [内存消耗：1,130.45kb] [文件加载：34]
[ info ] [ LANG ] E:\phpStudy\PHPTutorial\WWW\myAdmin\thinkphp\lang\zh-cn.php
[ info ] [ ROUTE ] array (
  'type' => 'module',
  'module' => 
  array (
    0 => 'admin',
    1 => 'Table',
    2 => 'getindex',
  ),
  'convert' => false,
)
[ info ] [ HEADER ] array (
  'cookie' => 'pgv_pvi=4449309696; pgv_si=s6348838912; PHPSESSID=jfra9eajs0k7drvht7mlie80gt',
  'accept-language' => 'zh-CN,zh;q=0.9,und;q=0.8,en;q=0.7',
  'accept-encoding' => 'gzip, deflate',
  'referer' => 'http://myadmin.tp/merchant/index',
  'accept' => 'text/html,application/xhtml+xml,application/xml;q=0.9,image/webp,image/apng,*/*;q=0.8,application/signed-exchange;v=b3',
  'user-agent' => 'Mozilla/5.0 (Windows NT 10.0; WOW64) AppleWebKit/537.36 (KHTML, like Gecko) Chrome/73.0.3683.86 Safari/537.36',
  'upgrade-insecure-requests' => '1',
  'connection' => 'close',
  'host' => 'myadmin.tp',
)
[ info ] [ PARAM ] array (
  'action' => 'index',
)
[ info ] [ SESSION ] INIT array (
  'id' => '',
  'var_session_id' => '',
  'prefix' => 'think',
  'type' => '',
  'auto_start' => true,
)
[ info ] [ RUN ] app\admin\controller\Table->getIndex[ E:\phpStudy\PHPTutorial\WWW\myAdmin\application\admin\controller\Table.php ]
[ info ] [ VIEW ] E:\phpStudy\PHPTutorial\WWW\myAdmin\public/../application/admin\view\table\index.html [ array (
) ]
[ info ] [ LOG ] INIT File
---------------------------------------------------------------
[ 2019-04-01T23:24:07+08:00 ] 127.0.0.1 GET myadmin.tp/table/list
[运行时间：1.837797s] [吞吐率：0.54req/s] [内存消耗：1,126.44kb] [文件加载：34]
[ info ] [ LANG ] E:\phpStudy\PHPTutorial\WWW\myAdmin\thinkphp\lang\zh-cn.php
[ info ] [ ROUTE ] array (
  'type' => 'module',
  'module' => 
  array (
    0 => 'admin',
    1 => 'Table',
    2 => 'getlist',
  ),
  'convert' => false,
)
[ info ] [ HEADER ] array (
  'cookie' => 'pgv_pvi=4449309696; pgv_si=s6348838912; PHPSESSID=jfra9eajs0k7drvht7mlie80gt',
  'accept-language' => 'zh-CN,zh;q=0.9,und;q=0.8,en;q=0.7',
  'accept-encoding' => 'gzip, deflate',
  'referer' => 'http://myadmin.tp/merchant/index',
  'accept' => 'text/html,application/xhtml+xml,application/xml;q=0.9,image/webp,image/apng,*/*;q=0.8,application/signed-exchange;v=b3',
  'user-agent' => 'Mozilla/5.0 (Windows NT 10.0; WOW64) AppleWebKit/537.36 (KHTML, like Gecko) Chrome/73.0.3683.86 Safari/537.36',
  'upgrade-insecure-requests' => '1',
  'connection' => 'close',
  'host' => 'myadmin.tp',
)
[ info ] [ PARAM ] array (
  'action' => 'list',
)
[ info ] [ SESSION ] INIT array (
  'id' => '',
  'var_session_id' => '',
  'prefix' => 'think',
  'type' => '',
  'auto_start' => true,
)
[ info ] [ RUN ] app\admin\controller\Table->getList[ E:\phpStudy\PHPTutorial\WWW\myAdmin\application\admin\controller\Table.php ]
[ info ] [ VIEW ] E:\phpStudy\PHPTutorial\WWW\myAdmin\public/../application/admin\view\table\list.html [ array (
) ]
[ info ] [ LOG ] INIT File
