---------------------------------------------------------------
[ 2019-04-09T09:26:31+08:00 ] 127.0.0.1 GET myadmin.com/admin/index
[运行时间：0.025002s] [吞吐率：40.00req/s] [内存消耗：1,232.55kb] [文件加载：38]
[ info ] [ LANG ] D:\phpstudy\PHPTutorial\WWW\myadmin\thinkphp\lang\zh-cn.php
[ info ] [ ROUTE ] array (
  'type' => 'module',
  'module' => 
  array (
    0 => 'admin',
    1 => 'Index',
    2 => 'getindex',
  ),
  'convert' => false,
)
[ info ] [ HEADER ] array (
  'accept-language' => 'zh-CN,zh;q=0.9,en;q=0.8',
  'accept-encoding' => 'gzip, deflate',
  'accept' => 'text/html,application/xhtml+xml,application/xml;q=0.9,image/webp,image/apng,*/*;q=0.8',
  'user-agent' => 'Mozilla/5.0 (Windows NT 6.1; WOW64) AppleWebKit/537.36 (KHTML, like Gecko) Chrome/71.0.3578.98 Safari/537.36',
  'upgrade-insecure-requests' => '1',
  'connection' => 'close',
  'host' => 'myadmin.com',
)
[ info ] [ PARAM ] array (
  'action' => 'index',
)
[ info ] [ SESSION ] INIT array (
  'id' => '',
  'var_session_id' => '',
  'prefix' => 'think',
  'type' => '',
  'auto_start' => true,
)
[ info ] [ LOG ] INIT File
---------------------------------------------------------------
[ 2019-04-09T09:26:31+08:00 ] 127.0.0.1 GET myadmin.com/login/index
[运行时间：0.025001s] [吞吐率：40.00req/s] [内存消耗：1,402.83kb] [文件加载：39]
[ info ] [ LANG ] D:\phpstudy\PHPTutorial\WWW\myadmin\thinkphp\lang\zh-cn.php
[ info ] [ ROUTE ] array (
  'type' => 'module',
  'module' => 
  array (
    0 => 'admin',
    1 => 'Login',
    2 => 'getindex',
  ),
  'convert' => false,
)
[ info ] [ HEADER ] array (
  'cookie' => 'PHPSESSID=0ha9f11h0crc7vldgrfe8ne373',
  'accept-language' => 'zh-CN,zh;q=0.9,en;q=0.8',
  'accept-encoding' => 'gzip, deflate',
  'accept' => 'text/html,application/xhtml+xml,application/xml;q=0.9,image/webp,image/apng,*/*;q=0.8',
  'user-agent' => 'Mozilla/5.0 (Windows NT 6.1; WOW64) AppleWebKit/537.36 (KHTML, like Gecko) Chrome/71.0.3578.98 Safari/537.36',
  'upgrade-insecure-requests' => '1',
  'connection' => 'close',
  'host' => 'myadmin.com',
)
[ info ] [ PARAM ] array (
  'action' => 'index',
)
[ info ] [ RUN ] app\admin\controller\Login->getIndex[ D:\phpstudy\PHPTutorial\WWW\myadmin\application\admin\controller\Login.php ]
[ info ] [ VIEW ] D:\phpstudy\PHPTutorial\WWW\myadmin\public/../application/admin\view\login\index.html [ array (
) ]
[ info ] [ LOG ] INIT File
---------------------------------------------------------------
[ 2019-04-09T09:26:31+08:00 ] 127.0.0.1 GET myadmin.com/captcha.html
[运行时间：0.384022s] [吞吐率：2.60req/s] [内存消耗：1,076.68kb] [文件加载：30]
[ info ] [ LANG ] D:\phpstudy\PHPTutorial\WWW\myadmin\thinkphp\lang\zh-cn.php
[ info ] [ ROUTE ] array (
  'type' => 'method',
  'method' => 
  array (
    0 => '\\think\\captcha\\CaptchaController',
    1 => 'index',
  ),
  'var' => 
  array (
  ),
)
[ info ] [ HEADER ] array (
  'cookie' => 'PHPSESSID=0ha9f11h0crc7vldgrfe8ne373',
  'accept-language' => 'zh-CN,zh;q=0.9,en;q=0.8',
  'accept-encoding' => 'gzip, deflate',
  'referer' => 'http://myadmin.com/login/index',
  'accept' => 'image/webp,image/apng,image/*,*/*;q=0.8',
  'user-agent' => 'Mozilla/5.0 (Windows NT 6.1; WOW64) AppleWebKit/537.36 (KHTML, like Gecko) Chrome/71.0.3578.98 Safari/537.36',
  'connection' => 'close',
  'host' => 'myadmin.com',
)
[ info ] [ PARAM ] array (
  'id' => NULL,
)
[ info ] [ RUN ] think\captcha\CaptchaController->index[ D:\phpstudy\PHPTutorial\WWW\myadmin\vendor\topthink\think-captcha\src\CaptchaController.php ]
[ info ] [ SESSION ] INIT array (
  'id' => '',
  'var_session_id' => '',
  'prefix' => 'think',
  'type' => '',
  'auto_start' => true,
)
[ info ] [ LOG ] INIT File
---------------------------------------------------------------
[ 2019-04-09T09:26:46+08:00 ] 127.0.0.1 POST myadmin.com/login/log
[运行时间：0.031001s] [吞吐率：32.26req/s] [内存消耗：1,842.30kb] [文件加载：44]
[ info ] [ LANG ] D:\phpstudy\PHPTutorial\WWW\myadmin\thinkphp\lang\zh-cn.php
[ info ] [ ROUTE ] array (
  'type' => 'module',
  'module' => 
  array (
    0 => 'admin',
    1 => 'Login',
    2 => 'postlog',
  ),
  'convert' => false,
)
[ info ] [ HEADER ] array (
  'cookie' => 'PHPSESSID=0ha9f11h0crc7vldgrfe8ne373',
  'accept-language' => 'zh-CN,zh;q=0.9,en;q=0.8',
  'accept-encoding' => 'gzip, deflate',
  'referer' => 'http://myadmin.com/login/index',
  'content-type' => 'application/x-www-form-urlencoded; charset=UTF-8',
  'user-agent' => 'Mozilla/5.0 (Windows NT 6.1; WOW64) AppleWebKit/537.36 (KHTML, like Gecko) Chrome/71.0.3578.98 Safari/537.36',
  'x-requested-with' => 'XMLHttpRequest',
  'origin' => 'http://myadmin.com',
  'accept' => '*/*',
  'content-length' => '40',
  'connection' => 'close',
  'host' => 'myadmin.com',
)
[ info ] [ PARAM ] array (
  'name' => 'admin',
  'password' => '123123',
  'captcha' => 'aghx4',
  'action' => 'log',
)
[ info ] [ RUN ] app\admin\controller\Login->postLog[ D:\phpstudy\PHPTutorial\WWW\myadmin\application\admin\controller\Login.php ]
[ info ] [ SESSION ] INIT array (
  'id' => '',
  'var_session_id' => '',
  'prefix' => 'think',
  'type' => '',
  'auto_start' => true,
)
[ info ] [ DB ] INIT mysql
[ info ] [ LOG ] INIT File
[ error ] [1049]SQLSTATE[HY000] [1049] Unknown database 'template'[D:\phpstudy\PHPTutorial\WWW\myadmin\thinkphp\library\think\db\Connection.php:295]
